{"/Users/pcs248/Documents/DevRN/Test cases demo/TestCasesDemo/src/components/NextnPrevious.tsx": {"path":"/Users/pcs248/Documents/DevRN/Test cases demo/TestCasesDemo/src/components/NextnPrevious.tsx","statementMap":{"0":{"start":{"line":11,"column":16},"end":{"line":18,"column":1}},"1":{"start":{"line":28,"column":39},"end":{"line":54,"column":1}},"2":{"start":{"line":30,"column":4},"end":{"line":30,"column":66}},"3":{"start":{"line":32,"column":22},"end":{"line":34,"column":3}},"4":{"start":{"line":33,"column":4},"end":{"line":33,"column":74}},"5":{"start":{"line":35,"column":26},"end":{"line":37,"column":3}},"6":{"start":{"line":36,"column":4},"end":{"line":36,"column":74}},"7":{"start":{"line":38,"column":2},"end":{"line":53,"column":4}},"8":{"start":{"line":56,"column":15},"end":{"line":62,"column":2}}},"fnMap":{"0":{"name":"(anonymous_0)","decl":{"start":{"line":28,"column":39},"end":{"line":28,"column":40}},"loc":{"start":{"line":28,"column":68},"end":{"line":54,"column":1}},"line":28},"1":{"name":"(anonymous_1)","decl":{"start":{"line":32,"column":22},"end":{"line":32,"column":23}},"loc":{"start":{"line":32,"column":28},"end":{"line":34,"column":3}},"line":32},"2":{"name":"(anonymous_2)","decl":{"start":{"line":35,"column":26},"end":{"line":35,"column":27}},"loc":{"start":{"line":35,"column":32},"end":{"line":37,"column":3}},"line":35}},"branchMap":{"0":{"loc":{"start":{"line":39,"column":38},"end":{"line":39,"column":56}},"type":"binary-expr","locations":[{"start":{"line":39,"column":38},"end":{"line":39,"column":44}},{"start":{"line":39,"column":48},"end":{"line":39,"column":56}}],"line":39}},"s":{"0":10,"1":10,"2":33,"3":33,"4":4,"5":33,"6":4,"7":33,"8":10},"f":{"0":33,"1":4,"2":4},"b":{"0":[33,24]},"_coverageSchema":"1a1c01bbd47fc00a2c39e90264f33305004495a9","hash":"65e752e8fb484cf011a992c7c6a3df04cb79c6c4"}
,"/Users/pcs248/Documents/DevRN/Test cases demo/TestCasesDemo/src/localization/index.ts": {"path":"/Users/pcs248/Documents/DevRN/Test cases demo/TestCasesDemo/src/localization/index.ts","statementMap":{"0":{"start":{"line":9,"column":35},"end":{"line":13,"column":1}},"1":{"start":{"line":15,"column":31},"end":{"line":15,"column":63}},"2":{"start":{"line":17,"column":54},"end":{"line":42,"column":1}},"3":{"start":{"line":21,"column":4},"end":{"line":39,"column":7}},"4":{"start":{"line":23,"column":6},"end":{"line":37,"column":7}},"5":{"start":{"line":24,"column":8},"end":{"line":30,"column":9}},"6":{"start":{"line":25,"column":10},"end":{"line":25,"column":73}},"7":{"start":{"line":27,"column":10},"end":{"line":29,"column":12}},"8":{"start":{"line":31,"column":24},"end":{"line":33,"column":9}},"9":{"start":{"line":35,"column":8},"end":{"line":35,"column":47}},"10":{"start":{"line":36,"column":8},"end":{"line":36,"column":15}},"11":{"start":{"line":38,"column":6},"end":{"line":38,"column":20}},"12":{"start":{"line":41,"column":38},"end":{"line":41,"column":75}},"13":{"start":{"line":44,"column":0},"end":{"line":76,"column":5}},"14":{"start":{"line":56,"column":8},"end":{"line":72,"column":9}},"15":{"start":{"line":58,"column":12},"end":{"line":64,"column":13}},"16":{"start":{"line":63,"column":14},"end":{"line":63,"column":27}},"17":{"start":{"line":65,"column":12},"end":{"line":69,"column":13}},"18":{"start":{"line":66,"column":14},"end":{"line":66,"column":78}},"19":{"start":{"line":66,"column":60},"end":{"line":66,"column":66}},"20":{"start":{"line":68,"column":14},"end":{"line":68,"column":76}},"21":{"start":{"line":68,"column":60},"end":{"line":68,"column":64}},"22":{"start":{"line":71,"column":12},"end":{"line":71,"column":25}}},"fnMap":{"0":{"name":"(anonymous_0)","decl":{"start":{"line":20,"column":10},"end":{"line":20,"column":11}},"loc":{"start":{"line":20,"column":47},"end":{"line":40,"column":3}},"line":20},"1":{"name":"(anonymous_1)","decl":{"start":{"line":21,"column":37},"end":{"line":21,"column":38}},"loc":{"start":{"line":21,"column":51},"end":{"line":39,"column":5}},"line":21},"2":{"name":"(anonymous_2)","decl":{"start":{"line":41,"column":21},"end":{"line":41,"column":22}},"loc":{"start":{"line":41,"column":38},"end":{"line":41,"column":75}},"line":41},"3":{"name":"(anonymous_3)","decl":{"start":{"line":55,"column":14},"end":{"line":55,"column":15}},"loc":{"start":{"line":55,"column":67},"end":{"line":73,"column":7}},"line":55},"4":{"name":"(anonymous_4)","decl":{"start":{"line":66,"column":53},"end":{"line":66,"column":54}},"loc":{"start":{"line":66,"column":60},"end":{"line":66,"column":66}},"line":66},"5":{"name":"(anonymous_5)","decl":{"start":{"line":68,"column":53},"end":{"line":68,"column":54}},"loc":{"start":{"line":68,"column":60},"end":{"line":68,"column":64}},"line":68}},"branchMap":{"0":{"loc":{"start":{"line":23,"column":6},"end":{"line":37,"column":7}},"type":"if","locations":[{"start":{"line":23,"column":6},"end":{"line":37,"column":7}},{"start":{},"end":{}}],"line":23},"1":{"loc":{"start":{"line":23,"column":10},"end":{"line":23,"column":21}},"type":"binary-expr","locations":[{"start":{"line":23,"column":10},"end":{"line":23,"column":13}},{"start":{"line":23,"column":17},"end":{"line":23,"column":21}}],"line":23},"2":{"loc":{"start":{"line":24,"column":8},"end":{"line":30,"column":9}},"type":"if","locations":[{"start":{"line":24,"column":8},"end":{"line":30,"column":9}},{"start":{"line":26,"column":15},"end":{"line":30,"column":9}}],"line":24},"3":{"loc":{"start":{"line":35,"column":17},"end":{"line":35,"column":45}},"type":"binary-expr","locations":[{"start":{"line":35,"column":17},"end":{"line":35,"column":37}},{"start":{"line":35,"column":41},"end":{"line":35,"column":45}}],"line":35},"4":{"loc":{"start":{"line":56,"column":8},"end":{"line":72,"column":9}},"type":"switch","locations":[{"start":{"line":57,"column":10},"end":{"line":69,"column":13}},{"start":{"line":70,"column":10},"end":{"line":71,"column":25}}],"line":56},"5":{"loc":{"start":{"line":58,"column":12},"end":{"line":64,"column":13}},"type":"if","locations":[{"start":{"line":58,"column":12},"end":{"line":64,"column":13}},{"start":{},"end":{}}],"line":58},"6":{"loc":{"start":{"line":59,"column":14},"end":{"line":61,"column":38}},"type":"binary-expr","locations":[{"start":{"line":59,"column":14},"end":{"line":59,"column":39}},{"start":{"line":60,"column":14},"end":{"line":60,"column":23}},{"start":{"line":61,"column":14},"end":{"line":61,"column":38}}],"line":59},"7":{"loc":{"start":{"line":65,"column":12},"end":{"line":69,"column":13}},"type":"if","locations":[{"start":{"line":65,"column":12},"end":{"line":69,"column":13}},{"start":{"line":67,"column":19},"end":{"line":69,"column":13}}],"line":65}},"s":{"0":1,"1":1,"2":1,"3":1,"4":0,"5":0,"6":0,"7":0,"8":0,"9":0,"10":0,"11":0,"12":0,"13":1,"14":0,"15":0,"16":0,"17":0,"18":0,"19":0,"20":0,"21":0,"22":0},"f":{"0":1,"1":0,"2":0,"3":0,"4":0,"5":0},"b":{"0":[0,0],"1":[0,0],"2":[0,0],"3":[0,0],"4":[0,0],"5":[0,0],"6":[0,0,0],"7":[0,0]},"_coverageSchema":"1a1c01bbd47fc00a2c39e90264f33305004495a9","hash":"02cfd75eaa76ecf6c81a6d89ee4e912c92ebf8ab"}
,"/Users/pcs248/Documents/DevRN/Test cases demo/TestCasesDemo/src/localization/ar/common.ts": {"path":"/Users/pcs248/Documents/DevRN/Test cases demo/TestCasesDemo/src/localization/ar/common.ts","statementMap":{},"fnMap":{},"branchMap":{},"s":{},"f":{},"b":{},"_coverageSchema":"1a1c01bbd47fc00a2c39e90264f33305004495a9","hash":"0f6f233b89487806f6f44f223f9122fef15f0d99"}
,"/Users/pcs248/Documents/DevRN/Test cases demo/TestCasesDemo/src/localization/ar/homePage.ts": {"path":"/Users/pcs248/Documents/DevRN/Test cases demo/TestCasesDemo/src/localization/ar/homePage.ts","statementMap":{},"fnMap":{},"branchMap":{},"s":{},"f":{},"b":{},"_coverageSchema":"1a1c01bbd47fc00a2c39e90264f33305004495a9","hash":"9ed302cd3cc90c2f17bc22d42b668e29fb6fd885"}
,"/Users/pcs248/Documents/DevRN/Test cases demo/TestCasesDemo/src/localization/ar/index.ts": {"path":"/Users/pcs248/Documents/DevRN/Test cases demo/TestCasesDemo/src/localization/ar/index.ts","statementMap":{},"fnMap":{},"branchMap":{},"s":{},"f":{},"b":{},"_coverageSchema":"1a1c01bbd47fc00a2c39e90264f33305004495a9","hash":"27159282fa6e87748c06335ed02a75ce93590059"}
,"/Users/pcs248/Documents/DevRN/Test cases demo/TestCasesDemo/src/localization/ar/languageSelector.ts": {"path":"/Users/pcs248/Documents/DevRN/Test cases demo/TestCasesDemo/src/localization/ar/languageSelector.ts","statementMap":{},"fnMap":{},"branchMap":{},"s":{},"f":{},"b":{},"_coverageSchema":"1a1c01bbd47fc00a2c39e90264f33305004495a9","hash":"a0fcb916998429524a31abf436e93fb369d95e8d"}
,"/Users/pcs248/Documents/DevRN/Test cases demo/TestCasesDemo/src/localization/en/common.ts": {"path":"/Users/pcs248/Documents/DevRN/Test cases demo/TestCasesDemo/src/localization/en/common.ts","statementMap":{},"fnMap":{},"branchMap":{},"s":{},"f":{},"b":{},"_coverageSchema":"1a1c01bbd47fc00a2c39e90264f33305004495a9","hash":"5926e937c91808c27c8d240250a8dc5f53395ba9"}
,"/Users/pcs248/Documents/DevRN/Test cases demo/TestCasesDemo/src/localization/en/homePage.ts": {"path":"/Users/pcs248/Documents/DevRN/Test cases demo/TestCasesDemo/src/localization/en/homePage.ts","statementMap":{},"fnMap":{},"branchMap":{},"s":{},"f":{},"b":{},"_coverageSchema":"1a1c01bbd47fc00a2c39e90264f33305004495a9","hash":"369efb740e853caf5545d175c0c6fd3b959aadcb"}
,"/Users/pcs248/Documents/DevRN/Test cases demo/TestCasesDemo/src/localization/en/index.ts": {"path":"/Users/pcs248/Documents/DevRN/Test cases demo/TestCasesDemo/src/localization/en/index.ts","statementMap":{},"fnMap":{},"branchMap":{},"s":{},"f":{},"b":{},"_coverageSchema":"1a1c01bbd47fc00a2c39e90264f33305004495a9","hash":"86d29a177a52e6cf8145ad8e302fb88936367aec"}
,"/Users/pcs248/Documents/DevRN/Test cases demo/TestCasesDemo/src/localization/en/languageSelector.ts": {"path":"/Users/pcs248/Documents/DevRN/Test cases demo/TestCasesDemo/src/localization/en/languageSelector.ts","statementMap":{},"fnMap":{},"branchMap":{},"s":{},"f":{},"b":{},"_coverageSchema":"1a1c01bbd47fc00a2c39e90264f33305004495a9","hash":"6c630f051e80654dfdbac80fafeb423f9897cd77"}
,"/Users/pcs248/Documents/DevRN/Test cases demo/TestCasesDemo/src/localization/hi/common.ts": {"path":"/Users/pcs248/Documents/DevRN/Test cases demo/TestCasesDemo/src/localization/hi/common.ts","statementMap":{},"fnMap":{},"branchMap":{},"s":{},"f":{},"b":{},"_coverageSchema":"1a1c01bbd47fc00a2c39e90264f33305004495a9","hash":"1f416ea24fce5faf5f64f091f9cafa905799b421"}
,"/Users/pcs248/Documents/DevRN/Test cases demo/TestCasesDemo/src/localization/hi/homePage.ts": {"path":"/Users/pcs248/Documents/DevRN/Test cases demo/TestCasesDemo/src/localization/hi/homePage.ts","statementMap":{},"fnMap":{},"branchMap":{},"s":{},"f":{},"b":{},"_coverageSchema":"1a1c01bbd47fc00a2c39e90264f33305004495a9","hash":"4e6a52da8c94a3fd825a1ad6af2568091752dafb"}
,"/Users/pcs248/Documents/DevRN/Test cases demo/TestCasesDemo/src/localization/hi/index.ts": {"path":"/Users/pcs248/Documents/DevRN/Test cases demo/TestCasesDemo/src/localization/hi/index.ts","statementMap":{},"fnMap":{},"branchMap":{},"s":{},"f":{},"b":{},"_coverageSchema":"1a1c01bbd47fc00a2c39e90264f33305004495a9","hash":"69b6e7b2bbcb62bbd4fcd9c2fc9da4578edd76e2"}
,"/Users/pcs248/Documents/DevRN/Test cases demo/TestCasesDemo/src/localization/hi/languageSelector.ts": {"path":"/Users/pcs248/Documents/DevRN/Test cases demo/TestCasesDemo/src/localization/hi/languageSelector.ts","statementMap":{},"fnMap":{},"branchMap":{},"s":{},"f":{},"b":{},"_coverageSchema":"1a1c01bbd47fc00a2c39e90264f33305004495a9","hash":"5d3aa0d3b10643e57eba86fb60bb80f1bf0a5ce5"}
,"/Users/pcs248/Documents/DevRN/Test cases demo/TestCasesDemo/src/screens/ButtonScreen.tsx": {"path":"/Users/pcs248/Documents/DevRN/Test cases demo/TestCasesDemo/src/screens/ButtonScreen.tsx","statementMap":{"0":{"start":{"line":5,"column":21},"end":{"line":39,"column":1}},"1":{"start":{"line":6,"column":28},"end":{"line":6,"column":40}},"2":{"start":{"line":7,"column":2},"end":{"line":38,"column":4}},"3":{"start":{"line":15,"column":12},"end":{"line":15,"column":33}},"4":{"start":{"line":16,"column":12},"end":{"line":16,"column":36}},"5":{"start":{"line":23,"column":12},"end":{"line":23,"column":33}},"6":{"start":{"line":24,"column":12},"end":{"line":24,"column":36}},"7":{"start":{"line":31,"column":12},"end":{"line":31,"column":33}},"8":{"start":{"line":32,"column":12},"end":{"line":32,"column":36}},"9":{"start":{"line":41,"column":15},"end":{"line":50,"column":2}}},"fnMap":{"0":{"name":"(anonymous_0)","decl":{"start":{"line":5,"column":21},"end":{"line":5,"column":22}},"loc":{"start":{"line":5,"column":27},"end":{"line":39,"column":1}},"line":5},"1":{"name":"(anonymous_1)","decl":{"start":{"line":14,"column":19},"end":{"line":14,"column":20}},"loc":{"start":{"line":14,"column":25},"end":{"line":17,"column":11}},"line":14},"2":{"name":"(anonymous_2)","decl":{"start":{"line":22,"column":19},"end":{"line":22,"column":20}},"loc":{"start":{"line":22,"column":25},"end":{"line":25,"column":11}},"line":22},"3":{"name":"(anonymous_3)","decl":{"start":{"line":30,"column":19},"end":{"line":30,"column":20}},"loc":{"start":{"line":30,"column":25},"end":{"line":33,"column":11}},"line":30}},"branchMap":{},"s":{"0":2,"1":7,"2":7,"3":1,"4":1,"5":1,"6":1,"7":1,"8":1,"9":2},"f":{"0":7,"1":1,"2":1,"3":1},"b":{},"_coverageSchema":"1a1c01bbd47fc00a2c39e90264f33305004495a9","hash":"4aeac3e432f5258b9a40d1e9917f8cfc5d471f38"}
,"/Users/pcs248/Documents/DevRN/Test cases demo/TestCasesDemo/src/screens/Data.tsx": {"path":"/Users/pcs248/Documents/DevRN/Test cases demo/TestCasesDemo/src/screens/Data.tsx","statementMap":{"0":{"start":{"line":1,"column":20},"end":{"line":122,"column":3}}},"fnMap":{},"branchMap":{},"s":{"0":2},"f":{},"b":{},"_coverageSchema":"1a1c01bbd47fc00a2c39e90264f33305004495a9","hash":"0b81518cb779f6819f4970cd8709c2bb2234baf8"}
,"/Users/pcs248/Documents/DevRN/Test cases demo/TestCasesDemo/src/screens/FlatListScreen.tsx": {"path":"/Users/pcs248/Documents/DevRN/Test cases demo/TestCasesDemo/src/screens/FlatListScreen.tsx","statementMap":{"0":{"start":{"line":13,"column":23},"end":{"line":54,"column":1}},"1":{"start":{"line":14,"column":20},"end":{"line":39,"column":3}},"2":{"start":{"line":21,"column":4},"end":{"line":38,"column":23}},"3":{"start":{"line":23,"column":8},"end":{"line":23,"column":32}},"4":{"start":{"line":40,"column":2},"end":{"line":53,"column":4}},"5":{"start":{"line":47,"column":12},"end":{"line":47,"column":52}},"6":{"start":{"line":56,"column":15},"end":{"line":66,"column":2}}},"fnMap":{"0":{"name":"(anonymous_0)","decl":{"start":{"line":13,"column":23},"end":{"line":13,"column":24}},"loc":{"start":{"line":13,"column":29},"end":{"line":54,"column":1}},"line":13},"1":{"name":"(anonymous_1)","decl":{"start":{"line":14,"column":20},"end":{"line":14,"column":21}},"loc":{"start":{"line":21,"column":4},"end":{"line":38,"column":23}},"line":21},"2":{"name":"(anonymous_2)","decl":{"start":{"line":22,"column":15},"end":{"line":22,"column":16}},"loc":{"start":{"line":22,"column":21},"end":{"line":24,"column":7}},"line":22},"3":{"name":"(anonymous_3)","decl":{"start":{"line":46,"column":22},"end":{"line":46,"column":23}},"loc":{"start":{"line":47,"column":12},"end":{"line":47,"column":52}},"line":47}},"branchMap":{},"s":{"0":2,"1":5,"2":30,"3":0,"4":5,"5":30,"6":2},"f":{"0":5,"1":30,"2":0,"3":30},"b":{},"_coverageSchema":"1a1c01bbd47fc00a2c39e90264f33305004495a9","hash":"290d88f47a23b89794c0704edf94396f02ccf28c"}
,"/Users/pcs248/Documents/DevRN/Test cases demo/TestCasesDemo/src/screens/ImageScreen.tsx": {"path":"/Users/pcs248/Documents/DevRN/Test cases demo/TestCasesDemo/src/screens/ImageScreen.tsx","statementMap":{"0":{"start":{"line":5,"column":20},"end":{"line":21,"column":1}},"1":{"start":{"line":6,"column":2},"end":{"line":20,"column":4}},"2":{"start":{"line":23,"column":15},"end":{"line":32,"column":2}}},"fnMap":{"0":{"name":"(anonymous_0)","decl":{"start":{"line":5,"column":20},"end":{"line":5,"column":21}},"loc":{"start":{"line":5,"column":26},"end":{"line":21,"column":1}},"line":5}},"branchMap":{},"s":{"0":1,"1":3,"2":1},"f":{"0":3},"b":{},"_coverageSchema":"1a1c01bbd47fc00a2c39e90264f33305004495a9","hash":"67af81dc68cd7bca82257334f10d4f11b95e1744"}
,"/Users/pcs248/Documents/DevRN/Test cases demo/TestCasesDemo/src/screens/TextInputScreen.tsx": {"path":"/Users/pcs248/Documents/DevRN/Test cases demo/TestCasesDemo/src/screens/TextInputScreen.tsx","statementMap":{"0":{"start":{"line":5,"column":24},"end":{"line":31,"column":1}},"1":{"start":{"line":6,"column":26},"end":{"line":6,"column":38}},"2":{"start":{"line":7,"column":2},"end":{"line":30,"column":4}},"3":{"start":{"line":14,"column":41},"end":{"line":14,"column":53}},"4":{"start":{"line":33,"column":15},"end":{"line":46,"column":2}}},"fnMap":{"0":{"name":"(anonymous_0)","decl":{"start":{"line":5,"column":24},"end":{"line":5,"column":25}},"loc":{"start":{"line":5,"column":30},"end":{"line":31,"column":1}},"line":5},"1":{"name":"(anonymous_1)","decl":{"start":{"line":14,"column":24},"end":{"line":14,"column":25}},"loc":{"start":{"line":14,"column":41},"end":{"line":14,"column":53}},"line":14}},"branchMap":{},"s":{"0":1,"1":6,"2":6,"3":2,"4":1},"f":{"0":6,"1":2},"b":{},"_coverageSchema":"1a1c01bbd47fc00a2c39e90264f33305004495a9","hash":"f535c3b9a0b1791b61bb94ea1a46675e5329da15"}
,"/Users/pcs248/Documents/DevRN/Test cases demo/TestCasesDemo/src/screens/TextScreen.tsx": {"path":"/Users/pcs248/Documents/DevRN/Test cases demo/TestCasesDemo/src/screens/TextScreen.tsx","statementMap":{"0":{"start":{"line":5,"column":19},"end":{"line":21,"column":1}},"1":{"start":{"line":6,"column":2},"end":{"line":20,"column":4}},"2":{"start":{"line":23,"column":15},"end":{"line":32,"column":2}}},"fnMap":{"0":{"name":"(anonymous_0)","decl":{"start":{"line":5,"column":19},"end":{"line":5,"column":20}},"loc":{"start":{"line":5,"column":25},"end":{"line":21,"column":1}},"line":5}},"branchMap":{},"s":{"0":1,"1":3,"2":1},"f":{"0":3},"b":{},"_coverageSchema":"1a1c01bbd47fc00a2c39e90264f33305004495a9","hash":"9248768a0cf7ffa7014ff0774facca3d75690df6"}
,"/Users/pcs248/Documents/DevRN/Test cases demo/TestCasesDemo/src/screens/TextTranslationScreen.tsx": {"path":"/Users/pcs248/Documents/DevRN/Test cases demo/TestCasesDemo/src/screens/TextTranslationScreen.tsx","statementMap":{"0":{"start":{"line":18,"column":30},"end":{"line":67,"column":1}},"1":{"start":{"line":19,"column":14},"end":{"line":19,"column":30}},"2":{"start":{"line":21,"column":15},"end":{"line":23,"column":3}},"3":{"start":{"line":25,"column":19},"end":{"line":28,"column":3}},"4":{"start":{"line":30,"column":25},"end":{"line":30,"column":58}},"5":{"start":{"line":31,"column":30},"end":{"line":31,"column":79}},"6":{"start":{"line":32,"column":2},"end":{"line":66,"column":4}},"7":{"start":{"line":54,"column":14},"end":{"line":54,"column":70}},"8":{"start":{"line":69,"column":15},"end":{"line":79,"column":2}}},"fnMap":{"0":{"name":"(anonymous_0)","decl":{"start":{"line":18,"column":30},"end":{"line":18,"column":31}},"loc":{"start":{"line":18,"column":36},"end":{"line":67,"column":1}},"line":18},"1":{"name":"(anonymous_1)","decl":{"start":{"line":53,"column":32},"end":{"line":53,"column":33}},"loc":{"start":{"line":54,"column":14},"end":{"line":54,"column":70}},"line":54}},"branchMap":{},"s":{"0":1,"1":4,"2":4,"3":4,"4":4,"5":4,"6":4,"7":20,"8":1},"f":{"0":4,"1":20},"b":{},"_coverageSchema":"1a1c01bbd47fc00a2c39e90264f33305004495a9","hash":"2c1338855aaade90d34a41d0657b957681450265"}
,"/Users/pcs248/Documents/DevRN/Test cases demo/TestCasesDemo/src/utils/languageSelector.tsx": {"path":"/Users/pcs248/Documents/DevRN/Test cases demo/TestCasesDemo/src/utils/languageSelector.tsx","statementMap":{"0":{"start":{"line":13,"column":16},"end":{"line":13,"column":40}},"1":{"start":{"line":15,"column":14},"end":{"line":19,"column":1}},"2":{"start":{"line":21,"column":25},"end":{"line":49,"column":1}},"3":{"start":{"line":22,"column":20},"end":{"line":22,"column":36}},"4":{"start":{"line":23,"column":31},"end":{"line":23,"column":44}},"5":{"start":{"line":24,"column":17},"end":{"line":24,"column":66}},"6":{"start":{"line":24,"column":38},"end":{"line":24,"column":66}},"7":{"start":{"line":25,"column":2},"end":{"line":48,"column":4}},"8":{"start":{"line":32,"column":25},"end":{"line":32,"column":54}},"9":{"start":{"line":33,"column":8},"end":{"line":45,"column":10}},"10":{"start":{"line":35,"column":27},"end":{"line":35,"column":44}},"11":{"start":{"line":53,"column":15},"end":{"line":81,"column":2}}},"fnMap":{"0":{"name":"(anonymous_0)","decl":{"start":{"line":21,"column":25},"end":{"line":21,"column":26}},"loc":{"start":{"line":21,"column":31},"end":{"line":49,"column":1}},"line":21},"1":{"name":"(anonymous_1)","decl":{"start":{"line":24,"column":17},"end":{"line":24,"column":18}},"loc":{"start":{"line":24,"column":38},"end":{"line":24,"column":66}},"line":24},"2":{"name":"(anonymous_2)","decl":{"start":{"line":31,"column":17},"end":{"line":31,"column":18}},"loc":{"start":{"line":31,"column":24},"end":{"line":46,"column":7}},"line":31},"3":{"name":"(anonymous_3)","decl":{"start":{"line":35,"column":21},"end":{"line":35,"column":22}},"loc":{"start":{"line":35,"column":27},"end":{"line":35,"column":44}},"line":35}},"branchMap":{"0":{"loc":{"start":{"line":38,"column":38},"end":{"line":38,"column":72}},"type":"cond-expr","locations":[{"start":{"line":38,"column":49},"end":{"line":38,"column":67}},{"start":{"line":38,"column":70},"end":{"line":38,"column":72}}],"line":38},"1":{"loc":{"start":{"line":39,"column":28},"end":{"line":39,"column":72}},"type":"cond-expr","locations":[{"start":{"line":39,"column":39},"end":{"line":39,"column":58}},{"start":{"line":39,"column":61},"end":{"line":39,"column":72}}],"line":39},"2":{"loc":{"start":{"line":42,"column":15},"end":{"line":42,"column":113}},"type":"binary-expr","locations":[{"start":{"line":42,"column":15},"end":{"line":42,"column":23}},{"start":{"line":42,"column":27},"end":{"line":42,"column":113}}],"line":42}},"s":{"0":1,"1":1,"2":1,"3":0,"4":0,"5":0,"6":0,"7":0,"8":0,"9":0,"10":0,"11":1},"f":{"0":0,"1":0,"2":0,"3":0},"b":{"0":[0,0],"1":[0,0],"2":[0,0]},"_coverageSchema":"1a1c01bbd47fc00a2c39e90264f33305004495a9","hash":"a43de762181cd71451870f6efef48d0cd2104dfe"}
,"/Users/pcs248/Documents/DevRN/Test cases demo/TestCasesDemo/src/utils/renderWithNavigation.tsx": {"path":"/Users/pcs248/Documents/DevRN/Test cases demo/TestCasesDemo/src/utils/renderWithNavigation.tsx","statementMap":{"0":{"start":{"line":6,"column":2},"end":{"line":6,"column":78}}},"fnMap":{"0":{"name":"renderWithNavigation","decl":{"start":{"line":5,"column":16},"end":{"line":5,"column":36}},"loc":{"start":{"line":5,"column":59},"end":{"line":7,"column":1}},"line":5}},"branchMap":{},"s":{"0":14},"f":{"0":14},"b":{},"_coverageSchema":"1a1c01bbd47fc00a2c39e90264f33305004495a9","hash":"0024d87116b4b8115ef3248ec4a6c1e67f281555"}
,"/Users/pcs248/Documents/DevRN/Test cases demo/TestCasesDemo/src/utils/section.tsx": {"path":"/Users/pcs248/Documents/DevRN/Test cases demo/TestCasesDemo/src/utils/section.tsx","statementMap":{"0":{"start":{"line":10,"column":16},"end":{"line":19,"column":1}},"1":{"start":{"line":11,"column":2},"end":{"line":18,"column":4}},"2":{"start":{"line":23,"column":15},"end":{"line":39,"column":2}}},"fnMap":{"0":{"name":"(anonymous_0)","decl":{"start":{"line":10,"column":16},"end":{"line":10,"column":17}},"loc":{"start":{"line":10,"column":54},"end":{"line":19,"column":1}},"line":10}},"branchMap":{},"s":{"0":1,"1":0,"2":1},"f":{"0":0},"b":{},"_coverageSchema":"1a1c01bbd47fc00a2c39e90264f33305004495a9","hash":"226611041bc2eede46b1a1adbfc7544e86d82e7c"}
}
